============================================================
  Generated by:           Genus(TM) Synthesis Solution 20.11-s111_1
  Generated on:           Apr 11 2026  01:35:45 pm
  Module:                 rename_unit
  Operating conditions:   slow (balanced_tree)
  Wireload mode:          enclosed
  Area mode:              timing library
============================================================

Timing
--------

Clock Period 
-------------
clk   3330.0 


  Cost    Critical         Violating 
 Group   Path Slack  TNS     Paths   
-------------------------------------
clk           661.0   0.0          0 
default    No paths   0.0            
-------------------------------------
Total                 0.0          0 

Instance Count
--------------
Leaf Instance Count             3547 
Physical Instance count            0 
Sequential Instance Count        922 
Combinational Instance Count    2625 
Hierarchical Instance Count        0 

Area
----
Cell Area                          7304.094
Physical Cell Area                 0.000
Total Cell Area (Cell+Physical)    7304.094
Net Area                           0.000
Total Area (Cell+Physical+Net)     7304.094

Max Fanout                         922 (clk)
Min Fanout                         0 (spec_reg_map[1][0])
Average Fanout                     2.6
Terms to net ratio                 3.7300
Terms to instance ratio            4.1443
Runtime                            136.64643099999992 seconds
Elapsed Runtime                    207 seconds
Genus peak memory usage            1028.70 
Innovus peak memory usage          no_value 
Hostname                           localhost
