============================================================
  Generated by:           Genus(TM) Synthesis Solution 20.11-s111_1
  Generated on:           Apr 11 2026  01:35:42 pm
  Module:                 rename_unit
  Operating conditions:   slow (balanced_tree)
  Wireload mode:          enclosed
  Area mode:              timing library
============================================================


Path 1: MET (661 ps) Setup Check with Pin spec_reg_map_reg[19][2]/CK->D
          Group: clk
     Startpoint: (R) free_list_head_reg[2]/CK
          Clock: (R) clk
       Endpoint: (F) spec_reg_map_reg[19][2]/D
          Clock: (R) clk

                     Capture       Launch     
        Clock Edge:+    3330            0     
       Src Latency:+       0            0     
       Net Latency:+       0 (I)        0 (I) 
           Arrival:=    3330            0     
                                              
             Setup:-     155                  
       Uncertainty:-     150                  
     Required Time:=    3025                  
      Launch Clock:-       0                  
         Data Path:-    2364                  
             Slack:=     661                  

#---------------------------------------------------------------------------------------------------
#       Timing Point        Flags    Arc   Edge   Cell     Fanout Load Trans Delay Arrival Instance 
#                                                                 (fF)  (ps)  (ps)   (ps)  Location 
#---------------------------------------------------------------------------------------------------
  free_list_head_reg[2]/CK  -       -      R     (arrival)    922    -    50     0       0    (-,-) 
  free_list_head_reg[2]/Q   -       CK->Q  R     DFF_X1         6 18.9   162   458     458    (-,-) 
  g64797/ZN                 -       A2->ZN R     OR2_X4        25 57.2   126   255     713    (-,-) 
  drc_bufs66275/ZN          -       A->ZN  F     INV_X1         2  7.7    41   109     822    (-,-) 
  drc_bufs66274/ZN          -       A->ZN  R     INV_X4        24 54.7   120   199    1021    (-,-) 
  g63122/ZN                 -       A1->ZN F     OAI22_X1       1  1.1    35   100    1121    (-,-) 
  g67162/ZN                 -       A3->ZN F     OR4_X1         1  1.8    65   471    1591    (-,-) 
  g61845__7410/ZN           -       B1->ZN R     AOI22_X1       1  3.9   132   229    1820    (-,-) 
  g61738__2802/ZN           -       A4->ZN R     AND4_X4       32 74.6   165   369    2189    (-,-) 
  g67215/ZN                 -       B1->ZN F     OAI222_X1      1  1.3    64   166    2355    (-,-) 
  spec_reg_map_reg[19][2]/D <<<     -      F     DFF_X1         1    -     -     9    2364    (-,-) 
#---------------------------------------------------------------------------------------------------

